<?xml version="1.0" encoding="UTF-8"?>
<!-- Generated by org.testng.reporters.JUnitReportReporter -->
<testsuite skipped="0" hostname="GUR00036968L" name="TestNG.class3" tests="2" failures="0" timestamp="02 Jun 2019 07:46:52 GMT" time="0.005" errors="0">
  <testcase name="LoginClearning" time="0.002" classname="TestNG.class3"/>
  <testcase name="Login" time="0.003" classname="TestNG.class3"/>
</testsuite> <!-- TestNG.class3 -->
