<?xml version="1.0" encoding="UTF-8"?>
<!-- Generated by org.testng.reporters.JUnitReportReporter -->
<testsuite skipped="0" hostname="GUR00036968L" name="TestNG.class4" tests="1" failures="0" timestamp="03 Jun 2019 13:41:41 GMT" time="7.893" errors="0">
  <testcase name="globalData" time="7.893" classname="TestNG.class4"/>
</testsuite> <!-- TestNG.class4 -->
