<?xml version="1.0" encoding="UTF-8"?>
<!-- Generated by org.testng.reporters.JUnitReportReporter -->
<testsuite skipped="0" hostname="GUR00036968L" name="TestNG.class1" tests="2" failures="0" timestamp="02 Jun 2019 07:59:46 GMT" time="0.012" errors="0">
  <testcase name="LoginSuccessCheck" time="0.002" classname="TestNG.class1"/>
  <testcase name="Login" time="0.010" classname="TestNG.class1"/>
</testsuite> <!-- TestNG.class1 -->
