<?xml version="1.0" encoding="UTF-8"?>
<!-- Generated by org.testng.reporters.JUnitReportReporter -->
<testsuite skipped="0" hostname="GUR00036968L" name="TestNG.class2" tests="1" failures="0" timestamp="10 Jun 2019 06:52:11 GMT" time="0.012" errors="0">
  <testcase name="ProcessingChecklate" time="0.012" classname="TestNG.class2"/>
</testsuite> <!-- TestNG.class2 -->
